[0.012s] Invoking command in '/home/ubuntu/Desktop/AutonomousRover/adiona_ws/build/adiona_pkg': /usr/bin/cmake --build /home/ubuntu/Desktop/AutonomousRover/adiona_ws/build/adiona_pkg -- -j2 -l2
[0.079s] -- Found ament_cmake: 0.9.9 (/opt/ros/foxy/share/ament_cmake/cmake)
[0.112s] -- Using PYTHON_EXECUTABLE: /usr/bin/python3
[0.531s] Traceback (most recent call last):
[0.531s]   File "/opt/ros/foxy/share/ament_cmake_core/cmake/package_templates/templates_2_cmake.py", line 21, in <module>
[0.532s]     from ament_package.templates import get_environment_hook_template_path
[0.532s] ModuleNotFoundError: No module named 'ament_package'
[0.559s] CMake Error at /opt/ros/foxy/share/ament_cmake_core/cmake/ament_cmake_package_templates-extras.cmake:41 (message):
[0.559s]   execute_process(/usr/bin/python3
[0.560s]   /opt/ros/foxy/share/ament_cmake_core/cmake/package_templates/templates_2_cmake.py
[0.560s]   /home/ubuntu/Desktop/AutonomousRover/adiona_ws/build/adiona_pkg/ament_cmake_package_templates/templates.cmake)
[0.560s]   returned error code 1
[0.560s] Call Stack (most recent call first):
[0.560s]   /opt/ros/foxy/share/ament_cmake_core/cmake/ament_cmake_coreConfig.cmake:41 (include)
[0.561s]   /opt/ros/foxy/share/ament_cmake/cmake/ament_cmake_export_dependencies-extras.cmake:15 (find_package)
[0.561s]   /opt/ros/foxy/share/ament_cmake/cmake/ament_cmakeConfig.cmake:41 (include)
[0.561s]   CMakeLists.txt:19 (find_package)
[0.561s] 
[0.561s] 
[0.561s] -- Configuring incomplete, errors occurred!
[0.562s] See also "/home/ubuntu/Desktop/AutonomousRover/adiona_ws/build/adiona_pkg/CMakeFiles/CMakeOutput.log".
[0.562s] See also "/home/ubuntu/Desktop/AutonomousRover/adiona_ws/build/adiona_pkg/CMakeFiles/CMakeError.log".
[0.563s] make: *** [Makefile:222: cmake_check_build_system] Error 1
[0.568s] Invoked command in '/home/ubuntu/Desktop/AutonomousRover/adiona_ws/build/adiona_pkg' returned '2': /usr/bin/cmake --build /home/ubuntu/Desktop/AutonomousRover/adiona_ws/build/adiona_pkg -- -j2 -l2
